
2016-10-14 14:32:02.271925  --  Looking for Web Archives Records in M.E. Grenander Department of Special Collections & Archvies
2016-10-14 14:32:03.933091  --  Requesting resource results page 1 of 2
2016-10-14 14:32:03.935091  --  found Web Archives in resource ---> Associated Industries of New York State/Business Council of New York State Records
2016-10-14 14:32:05.460244  --  	Updating record for The Business Council of New York State, Inc. Website, 1996-12-19 - 2016-10-10
2016-10-14 14:32:10.779776  --  		Updating resource...
2016-10-14 14:32:12.283926  --  		Updating digital objects...
2016-10-14 14:32:13.078006  --  		Posting updated archival object back to ASpace...
2016-10-14 14:32:16.562354  --  found Web Archives in resource ---> State University of New York, University Faculty Senate Collection
2016-10-14 14:32:18.108509  --  	Updating record for a Website
2016-10-14 14:32:22.852983  --  		Updating resource...
2016-10-14 14:32:24.288126  --  		Updating digital objects...
2016-10-14 14:32:25.287226  --  		Posting updated archival object back to ASpace...
2016-10-14 14:32:26.527350  --  found and updated 2 web archives records in 100 total resources.
2016-10-14 14:32:28.024500  --  Requesting resource results page 2 of 2
2016-10-14 14:32:28.028500  --  found Web Archives in resource ---> College of Engineering and Applied Sciences Records
2016-10-14 14:32:29.676665  --  	Updating record for College of Engineering and Applied Sciences Website, 2015-07-03 - 2016-10-13
2016-10-14 14:32:35.155213  --  		Updating parent 1...
2016-10-14 14:32:35.711269  --  		Updating resource...
2016-10-14 14:32:37.021400  --  		Updating digital objects...
2016-10-14 14:32:38.238521  --  		Posting updated archival object back to ASpace...
2016-10-14 14:32:40.898787  --  found Web Archives in resource ---> Atmospheric Science Research Center Records
2016-10-14 14:32:41.137811  --  found and updated 2 web archives records in 88 total resources.